<html>
<head>
<title>TestNG:  Test1</title>
<link href="../testng.css" rel="stylesheet" type="text/css" />
<link href="../my-testng.css" rel="stylesheet" type="text/css" />

<style type="text/css">
.log { display: none;} 
.stack-trace { display: none;} 
</style>
<script type="text/javascript">
<!--
function flip(e) {
  current = e.style.display;
  if (current == 'block') {
    e.style.display = 'none';
    return 0;
  }
  else {
    e.style.display = 'block';
    return 1;
  }
}

function toggleBox(szDivId, elem, msg1, msg2)
{
  var res = -1;  if (document.getElementById) {
    res = flip(document.getElementById(szDivId));
  }
  else if (document.all) {
    // this is the way old msie versions work
    res = flip(document.all[szDivId]);
  }
  if(elem) {
    if(res == 0) elem.innerHTML = msg1; else elem.innerHTML = msg2;
  }

}

function toggleAllBoxes() {
  if (document.getElementsByTagName) {
    d = document.getElementsByTagName('div');
    for (i = 0; i < d.length; i++) {
      if (d[i].className == 'log') {
        flip(d[i]);
      }
    }
  }
}

// -->
</script>

</head>
<body>
<h2 align='center'>Test1</h2><table border='1' align="center">
<tr>
<td>Tests passed/Failed/Skipped:</td><td>0/1/0</td>
</tr><tr>
<td>Started on:</td><td>Mon May 22 17:10:29 IST 2017</td>
</tr>
<tr><td>Total time:</td><td>140 seconds (140901 ms)</td>
</tr><tr>
<td>Included groups:</td><td></td>
</tr><tr>
<td>Excluded groups:</td><td></td>
</tr>
</table><p/>
<small><i>(Hover the method name to see the test class name)</i></small><p/>
<table width='100%' border='1' class='invocation-failed'>
<tr><td colspan='4' align='center'><b>FAILED TESTS</b></td></tr>
<tr><td><b>Test method</b></td>
<td width="30%"><b>Exception</b></td>
<td width="10%"><b>Time (seconds)</b></td>
<td><b>Instance</b></td>
</tr>
<tr>
<td title='RBSmokeTestScript_Domestic_TS_01.LaunchRBApp()'><b>LaunchRBApp</b><br>Test class: RBSmokeTestScript_Domestic_TS_01<br>Parameters: Android1</td>
<td><div><pre>java.lang.AssertionError: expected [null] but found [org.openqa.selenium.NoSuchElementException: An element could not be located on the page using the given search parameters. (WARNING: The server did not provide any stacktrace information)
Command duration or timeout: 5.49 seconds
For documentation on this error, please visit: http://seleniumhq.org/exceptions/no_such_element.html
Build info: version: &apos;3.0.1&apos;, revision: &apos;1969d75&apos;, time: &apos;2016-10-18 09:49:13 -0700&apos;
System info: host: &apos;surendra-d-Laptop.local&apos;, ip: &apos;10.120.22.236&apos;, os.name: &apos;Mac OS X&apos;, os.arch: &apos;x86_64&apos;, os.version: &apos;10.12.4&apos;, java.version: &apos;1.8.0_121&apos;
Driver info: io.appium.java_client.android.AndroidDriver
Capabilities [{app=/Users/surendrad/Downloads/rb_android-release.apk, appPackage=in.redbus.android, networkConnectionEnabled=true, warnings={}, databaseEnabled=false, deviceName=HQ535YL16586, platform=LINUX, deviceUDID=HQ535YL16586, appActivity=in.redbus.android.root.SplashScreen, desired={app=/Users/surendrad/Downloads/rb_android-release.apk, appPackage=in.redbus.android, appActivity=in.redbus.android.root.SplashScreen, newCommandTimeout=120, automationName=Appium, browserName=, platformName=Android, udid=HQ535YL16586, deviceName=android}, newCommandTimeout=120, platformVersion=4.4.2, webStorageEnabled=false, locationContextEnabled=false, automationName=Appium, takesScreenshot=true, browserName=, javascriptEnabled=true, platformName=Android, udid=HQ535YL16586}]
Session ID: 54485c8c-be4a-47c5-8e35-1fd95b14283c
*** Element info: {Using=id, value=in.redbus.android:id/dates_pane_tommorow}]
	at com.automation.appium.AndroidMobile.clickElement(AndroidMobile.java:750)
	at com.automation.common.TestCase$AppiumMobileAndroidApplication.clickElement(TestCase.java:1529)
	at GMethods.HomeScreen(GMethods.java:63)
	at RBSmokeTestScript_Domestic_TS_01.LaunchRBApp(RBSmokeTestScript_Domestic_TS_01.java:40)
	at java.util.concurrent.FutureTask.run(FutureTask.java:266)
	at java.util.concurrent.ThreadPoolExecutor.runWorker(ThreadPoolExecutor.java:1142)
	at java.util.concurrent.ThreadPoolExecutor$Worker.run(ThreadPoolExecutor.java:617)
	at java.lang.Thread.run(Thread.java:745)
... Removed 20 stack frames</pre></div><a href='#' onClick='toggleBox("stack-trace1520271465", this, "Click to show all stack frames", "Click to hide stack frames")'>Click to show all stack frames</a>
<div class='stack-trace' id='stack-trace1520271465'><pre>java.lang.AssertionError: expected [null] but found [org.openqa.selenium.NoSuchElementException: An element could not be located on the page using the given search parameters. (WARNING: The server did not provide any stacktrace information)
Command duration or timeout: 5.49 seconds
For documentation on this error, please visit: http://seleniumhq.org/exceptions/no_such_element.html
Build info: version: &apos;3.0.1&apos;, revision: &apos;1969d75&apos;, time: &apos;2016-10-18 09:49:13 -0700&apos;
System info: host: &apos;surendra-d-Laptop.local&apos;, ip: &apos;10.120.22.236&apos;, os.name: &apos;Mac OS X&apos;, os.arch: &apos;x86_64&apos;, os.version: &apos;10.12.4&apos;, java.version: &apos;1.8.0_121&apos;
Driver info: io.appium.java_client.android.AndroidDriver
Capabilities [{app=/Users/surendrad/Downloads/rb_android-release.apk, appPackage=in.redbus.android, networkConnectionEnabled=true, warnings={}, databaseEnabled=false, deviceName=HQ535YL16586, platform=LINUX, deviceUDID=HQ535YL16586, appActivity=in.redbus.android.root.SplashScreen, desired={app=/Users/surendrad/Downloads/rb_android-release.apk, appPackage=in.redbus.android, appActivity=in.redbus.android.root.SplashScreen, newCommandTimeout=120, automationName=Appium, browserName=, platformName=Android, udid=HQ535YL16586, deviceName=android}, newCommandTimeout=120, platformVersion=4.4.2, webStorageEnabled=false, locationContextEnabled=false, automationName=Appium, takesScreenshot=true, browserName=, javascriptEnabled=true, platformName=Android, udid=HQ535YL16586}]
Session ID: 54485c8c-be4a-47c5-8e35-1fd95b14283c
*** Element info: {Using=id, value=in.redbus.android:id/dates_pane_tommorow}]
	at org.testng.Assert.fail(Assert.java:94)
	at org.testng.Assert.failNotSame(Assert.java:509)
	at org.testng.Assert.assertNull(Assert.java:445)
	at org.testng.Assert.assertNull(Assert.java:434)
	at com.automation.appium.AndroidMobile.clickElement(AndroidMobile.java:750)
	at com.automation.common.TestCase$AppiumMobileAndroidApplication.clickElement(TestCase.java:1529)
	at GMethods.HomeScreen(GMethods.java:63)
	at RBSmokeTestScript_Domestic_TS_01.LaunchRBApp(RBSmokeTestScript_Domestic_TS_01.java:40)
	at sun.reflect.NativeMethodAccessorImpl.invoke0(Native Method)
	at sun.reflect.NativeMethodAccessorImpl.invoke(NativeMethodAccessorImpl.java:62)
	at sun.reflect.DelegatingMethodAccessorImpl.invoke(DelegatingMethodAccessorImpl.java:43)
	at java.lang.reflect.Method.invoke(Method.java:498)
	at org.testng.internal.MethodInvocationHelper.invokeMethod(MethodInvocationHelper.java:104)
	at org.testng.internal.Invoker.invokeMethod(Invoker.java:645)
	at org.testng.internal.Invoker.invokeTestMethod(Invoker.java:851)
	at org.testng.internal.Invoker.invokeTestMethods(Invoker.java:1177)
	at org.testng.internal.TestMethodWorker.invokeTestMethods(TestMethodWorker.java:129)
	at org.testng.internal.TestMethodWorker.run(TestMethodWorker.java:112)
	at org.testng.TestRunner.privateRun(TestRunner.java:756)
	at org.testng.TestRunner.run(TestRunner.java:610)
	at org.testng.SuiteRunner.runTest(SuiteRunner.java:387)
	at org.testng.SuiteRunner.access$000(SuiteRunner.java:39)
	at org.testng.SuiteRunner$SuiteWorker.run(SuiteRunner.java:421)
	at org.testng.internal.thread.ThreadUtil$2.call(ThreadUtil.java:64)
	at java.util.concurrent.FutureTask.run(FutureTask.java:266)
	at java.util.concurrent.ThreadPoolExecutor.runWorker(ThreadPoolExecutor.java:1142)
	at java.util.concurrent.ThreadPoolExecutor$Worker.run(ThreadPoolExecutor.java:617)
	at java.lang.Thread.run(Thread.java:745)
</pre></div></td>
<td>140</td>
<td>RBSmokeTestScript_Domestic_TS_01@4493d195</td></tr>
</table><p>
</body>
</html>