<?xml version="1.0" encoding="UTF-8"?>
<!-- Generated by org.testng.reporters.JUnitReportReporter -->
<testsuite name="LensKartMWebSite" tests="2" time="209.192" ignored="0" failures="1" timestamp="31 Jan 2017 05:57:04 GMT" skipped="0" hostname="PSLBLRLA-129-20.local" errors="0">
  <testcase name="LogInPurchase" time="93.185" classname="LensKartMWebSite">
    <failure type="java.lang.AssertionError" message="expected [null] but found [org.openqa.selenium.TimeoutException: Expected condition failed: waiting for visibility of element located by By.xpath: //*[@id=&#039;main&#039;]/my-app/div[2]/prod-app/div/div[7]/div[9]/div[2]/div/div/button[1] (tried for 30 second(s) with 500 MILLISECONDS interval)
Build info: version: &#039;3.0.1&#039;, revision: &#039;1969d75&#039;, time: &#039;2016-10-18 09:49:13 -0700&#039;
System info: host: &#039;PSLBLRLA-129-20.local&#039;, ip: &#039;192.168.18.39&#039;, os.name: &#039;Mac OS X&#039;, os.arch: &#039;x86_64&#039;, os.version: &#039;10.12.3&#039;, java.version: &#039;1.8.0_112&#039;
Driver info: io.appium.java_client.android.AndroidDriver
Capabilities [{appPackage=com.android.chrome, networkConnectionEnabled=true, warnings={}, databaseEnabled=false, deviceName=05b3ae7a1a4f2925, version=5.1, platform=LINUX, deviceUDID=05b3ae7a1a4f2925, appActivity=com.google.android.apps.chrome.Main, desired={appPackage=com.android.chrome, appActivity=com.google.android.apps.chrome.Main, automationName=Appium, browserName=Chrome, platformName=Android, deviceName=android, version=5.1}, platformVersion=5.1.1, webStorageEnabled=false, locationContextEnabled=false, automationName=Appium, takesScreenshot=true, browserName=Chrome, javascriptEnabled=true, platformName=Android}]
Session ID: bb644727-fc8a-4d88-b36d-579f15a2afa4]">
      <![CDATA[java.lang.AssertionError: expected [null] but found [org.openqa.selenium.TimeoutException: Expected condition failed: waiting for visibility of element located by By.xpath: //*[@id='main']/my-app/div[2]/prod-app/div/div[7]/div[9]/div[2]/div/div/button[1] (tried for 30 second(s) with 500 MILLISECONDS interval)
Build info: version: '3.0.1', revision: '1969d75', time: '2016-10-18 09:49:13 -0700'
System info: host: 'PSLBLRLA-129-20.local', ip: '192.168.18.39', os.name: 'Mac OS X', os.arch: 'x86_64', os.version: '10.12.3', java.version: '1.8.0_112'
Driver info: io.appium.java_client.android.AndroidDriver
Capabilities [{appPackage=com.android.chrome, networkConnectionEnabled=true, warnings={}, databaseEnabled=false, deviceName=05b3ae7a1a4f2925, version=5.1, platform=LINUX, deviceUDID=05b3ae7a1a4f2925, appActivity=com.google.android.apps.chrome.Main, desired={appPackage=com.android.chrome, appActivity=com.google.android.apps.chrome.Main, automationName=Appium, browserName=Chrome, platformName=Android, deviceName=android, version=5.1}, platformVersion=5.1.1, webStorageEnabled=false, locationContextEnabled=false, automationName=Appium, takesScreenshot=true, browserName=Chrome, javascriptEnabled=true, platformName=Android}]
Session ID: bb644727-fc8a-4d88-b36d-579f15a2afa4]
	at org.testng.Assert.fail(Assert.java:94)
	at org.testng.Assert.failNotSame(Assert.java:509)
	at org.testng.Assert.assertNull(Assert.java:445)
	at org.testng.Assert.assertNull(Assert.java:434)
	at com.automation.appium.AndroidMobile.clickElement(AndroidMobile.java:757)
	at com.automation.common.TestCase$AppiumMobileAndroidApplication.clickElement(TestCase.java:1718)
	at LensKartMWebSite.LogInPurchase(LensKartMWebSite.java:59)
	at sun.reflect.NativeMethodAccessorImpl.invoke0(Native Method)
	at sun.reflect.NativeMethodAccessorImpl.invoke(NativeMethodAccessorImpl.java:62)
	at sun.reflect.DelegatingMethodAccessorImpl.invoke(DelegatingMethodAccessorImpl.java:43)
	at java.lang.reflect.Method.invoke(Method.java:498)
	at org.testng.internal.MethodInvocationHelper.invokeMethod(MethodInvocationHelper.java:104)
	at org.testng.internal.Invoker.invokeMethod(Invoker.java:645)
	at org.testng.internal.Invoker.invokeTestMethod(Invoker.java:851)
	at org.testng.internal.Invoker.invokeTestMethods(Invoker.java:1177)
	at org.testng.internal.TestMethodWorker.invokeTestMethods(TestMethodWorker.java:129)
	at org.testng.internal.TestMethodWorker.run(TestMethodWorker.java:112)
	at org.testng.TestRunner.privateRun(TestRunner.java:756)
	at org.testng.TestRunner.run(TestRunner.java:610)
	at org.testng.SuiteRunner.runTest(SuiteRunner.java:387)
	at org.testng.SuiteRunner.runSequentially(SuiteRunner.java:382)
	at org.testng.SuiteRunner.privateRun(SuiteRunner.java:340)
	at org.testng.SuiteRunner.run(SuiteRunner.java:289)
	at org.testng.SuiteRunnerWorker.runSuite(SuiteRunnerWorker.java:52)
	at org.testng.SuiteRunnerWorker.run(SuiteRunnerWorker.java:86)
	at org.testng.TestNG.runSuitesSequentially(TestNG.java:1293)
	at org.testng.TestNG.runSuitesLocally(TestNG.java:1218)
	at org.testng.TestNG.runSuites(TestNG.java:1133)
	at org.testng.TestNG.run(TestNG.java:1104)
	at org.testng.remote.AbstractRemoteTestNG.run(AbstractRemoteTestNG.java:132)
	at org.testng.remote.RemoteTestNG.initAndRun(RemoteTestNG.java:236)
	at org.testng.remote.RemoteTestNG.main(RemoteTestNG.java:81)
]]>
    </failure>
  </testcase> <!-- LogInPurchase -->
  <testcase name="LaunchTheApp" time="116.007" classname="LensKartMWebSite"/>
</testsuite> <!-- LensKartMWebSite -->
