<?xml version="1.0" encoding="UTF-8"?>
<!-- Generated by org.testng.reporters.JUnitReportReporter -->
<testsuite name="RBSmokeTestScript_Domestic_TS_01" tests="1" time="140.667" ignored="0" failures="1" timestamp="22 May 2017 11:42:51 GMT" skipped="0" hostname="surendra-d-Laptop.local" errors="0">
  <testcase name="LaunchRBApp" time="140.667" classname="RBSmokeTestScript_Domestic_TS_01">
    <failure type="java.lang.AssertionError" message="expected [null] but found [org.openqa.selenium.NoSuchElementException: An element could not be located on the page using the given search parameters. (WARNING: The server did not provide any stacktrace information)
Command duration or timeout: 5.49 seconds
For documentation on this error, please visit: http://seleniumhq.org/exceptions/no_such_element.html
Build info: version: &#039;3.0.1&#039;, revision: &#039;1969d75&#039;, time: &#039;2016-10-18 09:49:13 -0700&#039;
System info: host: &#039;surendra-d-Laptop.local&#039;, ip: &#039;10.120.22.236&#039;, os.name: &#039;Mac OS X&#039;, os.arch: &#039;x86_64&#039;, os.version: &#039;10.12.4&#039;, java.version: &#039;1.8.0_121&#039;
Driver info: io.appium.java_client.android.AndroidDriver
Capabilities [{app=/Users/surendrad/Downloads/rb_android-release.apk, appPackage=in.redbus.android, networkConnectionEnabled=true, warnings={}, databaseEnabled=false, deviceName=HQ535YL16586, platform=LINUX, deviceUDID=HQ535YL16586, appActivity=in.redbus.android.root.SplashScreen, desired={app=/Users/surendrad/Downloads/rb_android-release.apk, appPackage=in.redbus.android, appActivity=in.redbus.android.root.SplashScreen, newCommandTimeout=120, automationName=Appium, browserName=, platformName=Android, udid=HQ535YL16586, deviceName=android}, newCommandTimeout=120, platformVersion=4.4.2, webStorageEnabled=false, locationContextEnabled=false, automationName=Appium, takesScreenshot=true, browserName=, javascriptEnabled=true, platformName=Android, udid=HQ535YL16586}]
Session ID: 54485c8c-be4a-47c5-8e35-1fd95b14283c
*** Element info: {Using=id, value=in.redbus.android:id/dates_pane_tommorow}]">
      <![CDATA[java.lang.AssertionError: expected [null] but found [org.openqa.selenium.NoSuchElementException: An element could not be located on the page using the given search parameters. (WARNING: The server did not provide any stacktrace information)
Command duration or timeout: 5.49 seconds
For documentation on this error, please visit: http://seleniumhq.org/exceptions/no_such_element.html
Build info: version: '3.0.1', revision: '1969d75', time: '2016-10-18 09:49:13 -0700'
System info: host: 'surendra-d-Laptop.local', ip: '10.120.22.236', os.name: 'Mac OS X', os.arch: 'x86_64', os.version: '10.12.4', java.version: '1.8.0_121'
Driver info: io.appium.java_client.android.AndroidDriver
Capabilities [{app=/Users/surendrad/Downloads/rb_android-release.apk, appPackage=in.redbus.android, networkConnectionEnabled=true, warnings={}, databaseEnabled=false, deviceName=HQ535YL16586, platform=LINUX, deviceUDID=HQ535YL16586, appActivity=in.redbus.android.root.SplashScreen, desired={app=/Users/surendrad/Downloads/rb_android-release.apk, appPackage=in.redbus.android, appActivity=in.redbus.android.root.SplashScreen, newCommandTimeout=120, automationName=Appium, browserName=, platformName=Android, udid=HQ535YL16586, deviceName=android}, newCommandTimeout=120, platformVersion=4.4.2, webStorageEnabled=false, locationContextEnabled=false, automationName=Appium, takesScreenshot=true, browserName=, javascriptEnabled=true, platformName=Android, udid=HQ535YL16586}]
Session ID: 54485c8c-be4a-47c5-8e35-1fd95b14283c
*** Element info: {Using=id, value=in.redbus.android:id/dates_pane_tommorow}]
	at org.testng.Assert.fail(Assert.java:94)
	at org.testng.Assert.failNotSame(Assert.java:509)
	at org.testng.Assert.assertNull(Assert.java:445)
	at org.testng.Assert.assertNull(Assert.java:434)
	at com.automation.appium.AndroidMobile.clickElement(AndroidMobile.java:750)
	at com.automation.common.TestCase$AppiumMobileAndroidApplication.clickElement(TestCase.java:1529)
	at GMethods.HomeScreen(GMethods.java:63)
	at RBSmokeTestScript_Domestic_TS_01.LaunchRBApp(RBSmokeTestScript_Domestic_TS_01.java:40)
	at sun.reflect.NativeMethodAccessorImpl.invoke0(Native Method)
	at sun.reflect.NativeMethodAccessorImpl.invoke(NativeMethodAccessorImpl.java:62)
	at sun.reflect.DelegatingMethodAccessorImpl.invoke(DelegatingMethodAccessorImpl.java:43)
	at java.lang.reflect.Method.invoke(Method.java:498)
	at org.testng.internal.MethodInvocationHelper.invokeMethod(MethodInvocationHelper.java:104)
	at org.testng.internal.Invoker.invokeMethod(Invoker.java:645)
	at org.testng.internal.Invoker.invokeTestMethod(Invoker.java:851)
	at org.testng.internal.Invoker.invokeTestMethods(Invoker.java:1177)
	at org.testng.internal.TestMethodWorker.invokeTestMethods(TestMethodWorker.java:129)
	at org.testng.internal.TestMethodWorker.run(TestMethodWorker.java:112)
	at org.testng.TestRunner.privateRun(TestRunner.java:756)
	at org.testng.TestRunner.run(TestRunner.java:610)
	at org.testng.SuiteRunner.runTest(SuiteRunner.java:387)
	at org.testng.SuiteRunner.access$000(SuiteRunner.java:39)
	at org.testng.SuiteRunner$SuiteWorker.run(SuiteRunner.java:421)
	at org.testng.internal.thread.ThreadUtil$2.call(ThreadUtil.java:64)
	at java.util.concurrent.FutureTask.run(FutureTask.java:266)
	at java.util.concurrent.ThreadPoolExecutor.runWorker(ThreadPoolExecutor.java:1142)
	at java.util.concurrent.ThreadPoolExecutor$Worker.run(ThreadPoolExecutor.java:617)
	at java.lang.Thread.run(Thread.java:745)
]]>
    </failure>
  </testcase> <!-- LaunchRBApp -->
</testsuite> <!-- RBSmokeTestScript_Domestic_TS_01 -->
