<!DOCTYPE html PUBLIC "-//W3C//DTD XHTML 1.1//EN" "http://www.w3.org/TR/xhtml11/DTD/xhtml11.dtd">
<html xmlns="http://www.w3.org/1999/xhtml"><head><title>TestNG Report</title><style type="text/css">table {margin-bottom:10px;border-collapse:collapse;empty-cells:show}th,td {border:1px solid #009;padding:.25em .5em}th {vertical-align:bottom}td {vertical-align:top}table a {font-weight:bold}.stripe td {background-color: #E6EBF9}.num {text-align:right}.passedodd td {background-color: #3F3}.passedeven td {background-color: #0A0}.skippedodd td {background-color: #DDD}.skippedeven td {background-color: #CCC}.failedodd td,.attn {background-color: #F33}.failedeven td,.stripe .attn {background-color: #D00}.stacktrace {white-space:pre;font-family:monospace}.totop {font-size:85%;text-align:center;border-bottom:2px solid #000}</style></head><body><table><tr><th>Test</th><th># Passed</th><th># Skipped</th><th># Failed</th><th>Time (ms)</th><th>Included Groups</th><th>Excluded Groups</th></tr><tr><th colspan="7">Suite</th></tr><tr><td><a href="#t0">Test1</a></td><td class="num">0</td><td class="num">0</td><td class="num attn">1</td><td class="num">140,901</td><td></td><td></td></tr></table><table><thead><tr><th>Class</th><th>Method</th><th>Start</th><th>Time (ms)</th></tr></thead><tbody><tr><th colspan="4">Suite</th></tr></tbody><tbody id="t0"><tr><th colspan="4">Test1 &#8212; failed</th></tr><tr class="failedeven"><td rowspan="1">RBSmokeTestScript_Domestic_TS_01</td><td><a href="#m0">LaunchRBApp</a></td><td rowspan="1">1495453229994</td><td rowspan="1">140667</td></tr></tbody></table><h2>Test1</h2><h3 id="m0">RBSmokeTestScript_Domestic_TS_01#LaunchRBApp</h3><table class="result"><tr class="param"><th>Parameter #1</th></tr><tr class="param stripe"><td>Android1</td></tr><tr><th>Exception</th></tr><tr><td><div class="stacktrace">java.lang.AssertionError: expected [null] but found [org.openqa.selenium.NoSuchElementException: An element could not be located on the page using the given search parameters. (WARNING: The server did not provide any stacktrace information)
Command duration or timeout: 5.49 seconds
For documentation on this error, please visit: http://seleniumhq.org/exceptions/no_such_element.html
Build info: version: &apos;3.0.1&apos;, revision: &apos;1969d75&apos;, time: &apos;2016-10-18 09:49:13 -0700&apos;
System info: host: &apos;surendra-d-Laptop.local&apos;, ip: &apos;10.120.22.236&apos;, os.name: &apos;Mac OS X&apos;, os.arch: &apos;x86_64&apos;, os.version: &apos;10.12.4&apos;, java.version: &apos;1.8.0_121&apos;
Driver info: io.appium.java_client.android.AndroidDriver
Capabilities [{app=/Users/surendrad/Downloads/rb_android-release.apk, appPackage=in.redbus.android, networkConnectionEnabled=true, warnings={}, databaseEnabled=false, deviceName=HQ535YL16586, platform=LINUX, deviceUDID=HQ535YL16586, appActivity=in.redbus.android.root.SplashScreen, desired={app=/Users/surendrad/Downloads/rb_android-release.apk, appPackage=in.redbus.android, appActivity=in.redbus.android.root.SplashScreen, newCommandTimeout=120, automationName=Appium, browserName=, platformName=Android, udid=HQ535YL16586, deviceName=android}, newCommandTimeout=120, platformVersion=4.4.2, webStorageEnabled=false, locationContextEnabled=false, automationName=Appium, takesScreenshot=true, browserName=, javascriptEnabled=true, platformName=Android, udid=HQ535YL16586}]
Session ID: 54485c8c-be4a-47c5-8e35-1fd95b14283c
*** Element info: {Using=id, value=in.redbus.android:id/dates_pane_tommorow}]
	at com.automation.appium.AndroidMobile.clickElement(AndroidMobile.java:750)
	at com.automation.common.TestCase$AppiumMobileAndroidApplication.clickElement(TestCase.java:1529)
	at GMethods.HomeScreen(GMethods.java:63)
	at RBSmokeTestScript_Domestic_TS_01.LaunchRBApp(RBSmokeTestScript_Domestic_TS_01.java:40)
	at java.util.concurrent.FutureTask.run(FutureTask.java:266)
	at java.util.concurrent.ThreadPoolExecutor.runWorker(ThreadPoolExecutor.java:1142)
	at java.util.concurrent.ThreadPoolExecutor$Worker.run(ThreadPoolExecutor.java:617)
	at java.lang.Thread.run(Thread.java:745)
... Removed 20 stack frames</div></td></tr></table><p class="totop"><a href="#summary">back to summary</a></p></body></html>